<?xml version="1.0" encoding="UTF-8"?>
<testsuite name="agh.ics.oop.MapTest" tests="1" skipped="0" failures="0" errors="0" timestamp="2022-12-28T14:44:00" hostname="DESKTOP-9BCLMCE" time="0.13">
  <properties/>
  <testcase name="testAnimal()" classname="agh.ics.oop.MapTest" time="0.13"/>
  <system-out><![CDATA[[>, v<, ^]
{(5, 5)=[>], (2, 2)=[v<], (3, 3)=[^]}
[v>, >, >]
{(6, 5)=[v>], (1, 1)=[>], (3, 4)=[>]}
]]></system-out>
  <system-err><![CDATA[]]></system-err>
</testsuite>
