<?xml version="1.0" encoding="UTF-8"?>
<testsuite name="agh.ics.oop.MapTest" tests="1" skipped="0" failures="0" errors="0" timestamp="2022-12-28T16:13:10" hostname="LAPTOP-4VHLAV8G" time="0.03">
  <properties/>
  <testcase name="testAnimal()" classname="agh.ics.oop.MapTest" time="0.03"/>
  <system-out><![CDATA[[>]
{(5, 5)=[>]}
[^]
{(6, 5)=[^]}
[v<]
{(6, 6)=[v<]}
[v<]
{(5, 5)=[v<]}
]]></system-out>
  <system-err><![CDATA[]]></system-err>
</testsuite>
